<?xml version="1.0" encoding="UTF-8"?>
<testsuite xmlns:xsi="http://www.w3.org/2001/XMLSchema-instance" xsi:noNamespaceSchemaLocation="https://maven.apache.org/surefire/maven-surefire-plugin/xsd/surefire-test-report-3.0.xsd" version="3.0" name="org.unicode.cldr.tool.TestAddPopulationData" time="0.579" tests="1" errors="0" skipped="0" failures="0">
  <properties>
[...]
</properties>
  <testcase name="TestParseUnStats" classname="org.unicode.cldr.tool.TestAddPopulationData" time="0.578">
    <system-out><![CDATA[* Reading external/un_literacy.xml
* Read 12,177 record(s) with 130 region(s) from external/un_literacy.xml
* Reading external/un_literacy.xml
* Read 12,177 record(s) with 130 region(s) from external/un_literacy.xml
]]></system-out>
    <system-err><![CDATA[Duplicate record Suriname 2004 10 - 14
Duplicate record Suriname 2004 10 - 14
Duplicate record Suriname 2004 10 - 14
Duplicate record Suriname 2004 10 - 14
Duplicate record Suriname 2004 10 +
Duplicate record Suriname 2004 10 +
Duplicate record Suriname 2004 10 +
Duplicate record Suriname 2004 10 +
Duplicate record Suriname 2004 15 - 19
Duplicate record Suriname 2004 15 - 19
Duplicate record Suriname 2004 15 - 19
Duplicate record Suriname 2004 15 - 19
Duplicate record Suriname 2004 20 - 24
Duplicate record Suriname 2004 20 - 24
Duplicate record Suriname 2004 20 - 24
Duplicate record Suriname 2004 20 - 24
Duplicate record Suriname 2004 25 - 29
Duplicate record Suriname 2004 25 - 29
Duplicate record Suriname 2004 25 - 29
Duplicate record Suriname 2004 25 - 29
Duplicate record Suriname 2004 30 - 34
Duplicate record Suriname 2004 30 - 34
Duplicate record Suriname 2004 30 - 34
Duplicate record Suriname 2004 30 - 34
Duplicate record Suriname 2004 35 - 39
Duplicate record Suriname 2004 35 - 39
Duplicate record Suriname 2004 35 - 39
Duplicate record Suriname 2004 35 - 39
Duplicate record Suriname 2004 40 - 44
Duplicate record Suriname 2004 40 - 44
Duplicate record Suriname 2004 40 - 44
Duplicate record Suriname 2004 40 - 44
Duplicate record Suriname 2004 45 - 49
Duplicate record Suriname 2004 45 - 49
Duplicate record Suriname 2004 45 - 49
Duplicate record Suriname 2004 45 - 49
Duplicate record Suriname 2004 50 - 54
Duplicate record Suriname 2004 50 - 54
Duplicate record Suriname 2004 50 - 54
Duplicate record Suriname 2004 50 - 54
Duplicate record Suriname 2004 55 - 59
Duplicate record Suriname 2004 55 - 59
Duplicate record Suriname 2004 55 - 59
Duplicate record Suriname 2004 55 - 59
Duplicate record Suriname 2004 60 - 64
Duplicate record Suriname 2004 60 - 64
Duplicate record Suriname 2004 60 - 64
Duplicate record Suriname 2004 60 - 64
Duplicate record Suriname 2004 65 - 69
Duplicate record Suriname 2004 65 - 69
Duplicate record Suriname 2004 65 - 69
Duplicate record Suriname 2004 65 - 69
Duplicate record Suriname 2004 70 - 74
Duplicate record Suriname 2004 70 - 74
Duplicate record Suriname 2004 70 - 74
Duplicate record Suriname 2004 70 - 74
Duplicate record Suriname 2004 75 - 79
Duplicate record Suriname 2004 75 - 79
Duplicate record Suriname 2004 75 - 79
Duplicate record Suriname 2004 75 - 79
Duplicate record Suriname 2004 80 - 84
Duplicate record Suriname 2004 80 - 84
Duplicate record Suriname 2004 80 - 84
Duplicate record Suriname 2004 80 - 84
Duplicate record Suriname 2004 85 +
Duplicate record Suriname 2004 85 +
Duplicate record Suriname 2004 85 +
Duplicate record Suriname 2004 85 +
Duplicate record Suriname 2004 Unknown
Duplicate record Suriname 2004 Unknown
Duplicate record Suriname 2004 Unknown
Duplicate record Suriname 2004 Unknown
ERROR: CountryCodeConverter missing code for Africa Eastern and Southern.
To fix: add to external/alternate_country_names.txt a line such as:
	<code>;	<name>;	Africa Eastern and Southern
ERROR: CountryCodeConverter missing code for Africa Eastern and Southern.
To fix: add to external/alternate_country_names.txt a line such as:
	<code>;	<name>;	Africa Eastern and Southern
ERROR: CountryCodeConverter missing code for Africa Western and Central.
To fix: add to external/alternate_country_names.txt a line such as:
	<code>;	<name>;	Africa Western and Central
ERROR: CountryCodeConverter missing code for Africa Western and Central.
To fix: add to external/alternate_country_names.txt a line such as:
	<code>;	<name>;	Africa Western and Central
ERROR: CountryCodeConverter missing code for Central Europe and the Baltics.
To fix: add to external/alternate_country_names.txt a line such as:
	<code>;	<name>;	Central Europe and the Baltics
ERROR: CountryCodeConverter missing code for Central Europe and the Baltics.
To fix: add to external/alternate_country_names.txt a line such as:
	<code>;	<name>;	Central Europe and the Baltics
ERROR: CountryCodeConverter missing code for Early-demographic dividend.
To fix: add to external/alternate_country_names.txt a line such as:
	<code>;	<name>;	Early-demographic dividend
ERROR: CountryCodeConverter missing code for Early-demographic dividend.
To fix: add to external/alternate_country_names.txt a line such as:
	<code>;	<name>;	Early-demographic dividend
ERROR: CountryCodeConverter missing code for East Asia & Pacific.
To fix: add to external/alternate_country_names.txt a line such as:
	<code>;	<name>;	East Asia & Pacific
ERROR: CountryCodeConverter missing code for East Asia & Pacific.
To fix: add to external/alternate_country_names.txt a line such as:
	<code>;	<name>;	East Asia & Pacific
ERROR: CountryCodeConverter missing code for East Asia & Pacific (excluding high income).
To fix: add to external/alternate_country_names.txt a line such as:
	<code>;	<name>;	East Asia & Pacific (excluding high income)
ERROR: CountryCodeConverter missing code for East Asia & Pacific (excluding high income).
To fix: add to external/alternate_country_names.txt a line such as:
	<code>;	<name>;	East Asia & Pacific (excluding high income)
ERROR: CountryCodeConverter missing code for East Asia & Pacific (IDA & IBRD countries).
To fix: add to external/alternate_country_names.txt a line such as:
	<code>;	<name>;	East Asia & Pacific (IDA & IBRD countries)
ERROR: CountryCodeConverter missing code for East Asia & Pacific (IDA & IBRD countries).
To fix: add to external/alternate_country_names.txt a line such as:
	<code>;	<name>;	East Asia & Pacific (IDA & IBRD countries)
ERROR: CountryCodeConverter missing code for Europe & Central Asia.
To fix: add to external/alternate_country_names.txt a line such as:
	<code>;	<name>;	Europe & Central Asia
ERROR: CountryCodeConverter missing code for Europe & Central Asia.
To fix: add to external/alternate_country_names.txt a line such as:
	<code>;	<name>;	Europe & Central Asia
ERROR: CountryCodeConverter missing code for Europe & Central Asia (excluding high income).
To fix: add to external/alternate_country_names.txt a line such as:
	<code>;	<name>;	Europe & Central Asia (excluding high income)
ERROR: CountryCodeConverter missing code for Europe & Central Asia (excluding high income).
To fix: add to external/alternate_country_names.txt a line such as:
	<code>;	<name>;	Europe & Central Asia (excluding high income)
ERROR: CountryCodeConverter missing code for Europe & Central Asia (IDA & IBRD countries).
To fix: add to external/alternate_country_names.txt a line such as:
	<code>;	<name>;	Europe & Central Asia (IDA & IBRD countries)
ERROR: CountryCodeConverter missing code for Europe & Central Asia (IDA & IBRD countries).
To fix: add to external/alternate_country_names.txt a line such as:
	<code>;	<name>;	Europe & Central Asia (IDA & IBRD countries)
ERROR: CountryCodeConverter missing code for Fragile and conflict affected situations.
To fix: add to external/alternate_country_names.txt a line such as:
	<code>;	<name>;	Fragile and conflict affected situations
ERROR: CountryCodeConverter missing code for Fragile and conflict affected situations.
To fix: add to external/alternate_country_names.txt a line such as:
	<code>;	<name>;	Fragile and conflict affected situations
ERROR: CountryCodeConverter missing code for IBRD only.
To fix: add to external/alternate_country_names.txt a line such as:
	<code>;	<name>;	IBRD only
ERROR: CountryCodeConverter missing code for IBRD only.
To fix: add to external/alternate_country_names.txt a line such as:
	<code>;	<name>;	IBRD only
ERROR: CountryCodeConverter missing code for IDA & IBRD total.
To fix: add to external/alternate_country_names.txt a line such as:
	<code>;	<name>;	IDA & IBRD total
ERROR: CountryCodeConverter missing code for IDA & IBRD total.
To fix: add to external/alternate_country_names.txt a line such as:
	<code>;	<name>;	IDA & IBRD total
ERROR: CountryCodeConverter missing code for IDA blend.
To fix: add to external/alternate_country_names.txt a line such as:
	<code>;	<name>;	IDA blend
ERROR: CountryCodeConverter missing code for IDA blend.
To fix: add to external/alternate_country_names.txt a line such as:
	<code>;	<name>;	IDA blend
ERROR: CountryCodeConverter missing code for IDA only.
To fix: add to external/alternate_country_names.txt a line such as:
	<code>;	<name>;	IDA only
ERROR: CountryCodeConverter missing code for IDA only.
To fix: add to external/alternate_country_names.txt a line such as:
	<code>;	<name>;	IDA only
ERROR: CountryCodeConverter missing code for IDA total.
To fix: add to external/alternate_country_names.txt a line such as:
	<code>;	<name>;	IDA total
ERROR: CountryCodeConverter missing code for IDA total.
To fix: add to external/alternate_country_names.txt a line such as:
	<code>;	<name>;	IDA total
ERROR: CountryCodeConverter missing code for Late-demographic dividend.
To fix: add to external/alternate_country_names.txt a line such as:
	<code>;	<name>;	Late-demographic dividend
ERROR: CountryCodeConverter missing code for Late-demographic dividend.
To fix: add to external/alternate_country_names.txt a line such as:
	<code>;	<name>;	Late-demographic dividend
ERROR: CountryCodeConverter missing code for Latin America & Caribbean.
To fix: add to external/alternate_country_names.txt a line such as:
	<code>;	<name>;	Latin America & Caribbean
ERROR: CountryCodeConverter missing code for Latin America & Caribbean.
To fix: add to external/alternate_country_names.txt a line such as:
	<code>;	<name>;	Latin America & Caribbean
ERROR: CountryCodeConverter missing code for Latin America & Caribbean (excluding high income).
To fix: add to external/alternate_country_names.txt a line such as:
	<code>;	<name>;	Latin America & Caribbean (excluding high income)
ERROR: CountryCodeConverter missing code for Latin America & Caribbean (excluding high income).
To fix: add to external/alternate_country_names.txt a line such as:
	<code>;	<name>;	Latin America & Caribbean (excluding high income)
ERROR: CountryCodeConverter missing code for Latin America & the Caribbean (IDA & IBRD countries).
To fix: add to external/alternate_country_names.txt a line such as:
	<code>;	<name>;	Latin America & the Caribbean (IDA & IBRD countries)
ERROR: CountryCodeConverter missing code for Latin America & the Caribbean (IDA & IBRD countries).
To fix: add to external/alternate_country_names.txt a line such as:
	<code>;	<name>;	Latin America & the Caribbean (IDA & IBRD countries)
ERROR: CountryCodeConverter missing code for Middle East & North Africa.
To fix: add to external/alternate_country_names.txt a line such as:
	<code>;	<name>;	Middle East & North Africa
ERROR: CountryCodeConverter missing code for Middle East & North Africa.
To fix: add to external/alternate_country_names.txt a line such as:
	<code>;	<name>;	Middle East & North Africa
ERROR: CountryCodeConverter missing code for Middle East & North Africa (excluding high income).
To fix: add to external/alternate_country_names.txt a line such as:
	<code>;	<name>;	Middle East & North Africa (excluding high income)
ERROR: CountryCodeConverter missing code for Middle East & North Africa (excluding high income).
To fix: add to external/alternate_country_names.txt a line such as:
	<code>;	<name>;	Middle East & North Africa (excluding high income)
ERROR: CountryCodeConverter missing code for Middle East & North Africa (IDA & IBRD countries).
To fix: add to external/alternate_country_names.txt a line such as:
	<code>;	<name>;	Middle East & North Africa (IDA & IBRD countries)
ERROR: CountryCodeConverter missing code for Middle East & North Africa (IDA & IBRD countries).
To fix: add to external/alternate_country_names.txt a line such as:
	<code>;	<name>;	Middle East & North Africa (IDA & IBRD countries)
ERROR: CountryCodeConverter missing code for Post-demographic dividend.
To fix: add to external/alternate_country_names.txt a line such as:
	<code>;	<name>;	Post-demographic dividend
ERROR: CountryCodeConverter missing code for Post-demographic dividend.
To fix: add to external/alternate_country_names.txt a line such as:
	<code>;	<name>;	Post-demographic dividend
ERROR: CountryCodeConverter missing code for Pre-demographic dividend.
To fix: add to external/alternate_country_names.txt a line such as:
	<code>;	<name>;	Pre-demographic dividend
ERROR: CountryCodeConverter missing code for Pre-demographic dividend.
To fix: add to external/alternate_country_names.txt a line such as:
	<code>;	<name>;	Pre-demographic dividend
ERROR: CountryCodeConverter missing code for South Asia (IDA & IBRD).
To fix: add to external/alternate_country_names.txt a line such as:
	<code>;	<name>;	South Asia (IDA & IBRD)
ERROR: CountryCodeConverter missing code for South Asia (IDA & IBRD).
To fix: add to external/alternate_country_names.txt a line such as:
	<code>;	<name>;	South Asia (IDA & IBRD)
ERROR: CountryCodeConverter missing code for Sub-Saharan Africa (excluding high income).
To fix: add to external/alternate_country_names.txt a line such as:
	<code>;	<name>;	Sub-Saharan Africa (excluding high income)
ERROR: CountryCodeConverter missing code for Sub-Saharan Africa (excluding high income).
To fix: add to external/alternate_country_names.txt a line such as:
	<code>;	<name>;	Sub-Saharan Africa (excluding high income)
ERROR: CountryCodeConverter missing code for Sub-Saharan Africa (IDA & IBRD countries).
To fix: add to external/alternate_country_names.txt a line such as:
	<code>;	<name>;	Sub-Saharan Africa (IDA & IBRD countries)
ERROR: CountryCodeConverter missing code for Sub-Saharan Africa (IDA & IBRD countries).
To fix: add to external/alternate_country_names.txt a line such as:
	<code>;	<name>;	Sub-Saharan Africa (IDA & IBRD countries)
Duplicate record Suriname 2004 10 - 14
Duplicate record Suriname 2004 10 - 14
Duplicate record Suriname 2004 10 - 14
Duplicate record Suriname 2004 10 - 14
Duplicate record Suriname 2004 10 +
Duplicate record Suriname 2004 10 +
Duplicate record Suriname 2004 10 +
Duplicate record Suriname 2004 10 +
Duplicate record Suriname 2004 15 - 19
Duplicate record Suriname 2004 15 - 19
Duplicate record Suriname 2004 15 - 19
Duplicate record Suriname 2004 15 - 19
Duplicate record Suriname 2004 20 - 24
Duplicate record Suriname 2004 20 - 24
Duplicate record Suriname 2004 20 - 24
Duplicate record Suriname 2004 20 - 24
Duplicate record Suriname 2004 25 - 29
Duplicate record Suriname 2004 25 - 29
Duplicate record Suriname 2004 25 - 29
Duplicate record Suriname 2004 25 - 29
Duplicate record Suriname 2004 30 - 34
Duplicate record Suriname 2004 30 - 34
Duplicate record Suriname 2004 30 - 34
Duplicate record Suriname 2004 30 - 34
Duplicate record Suriname 2004 35 - 39
Duplicate record Suriname 2004 35 - 39
Duplicate record Suriname 2004 35 - 39
Duplicate record Suriname 2004 35 - 39
Duplicate record Suriname 2004 40 - 44
Duplicate record Suriname 2004 40 - 44
Duplicate record Suriname 2004 40 - 44
Duplicate record Suriname 2004 40 - 44
Duplicate record Suriname 2004 45 - 49
Duplicate record Suriname 2004 45 - 49
Duplicate record Suriname 2004 45 - 49
Duplicate record Suriname 2004 45 - 49
Duplicate record Suriname 2004 50 - 54
Duplicate record Suriname 2004 50 - 54
Duplicate record Suriname 2004 50 - 54
Duplicate record Suriname 2004 50 - 54
Duplicate record Suriname 2004 55 - 59
Duplicate record Suriname 2004 55 - 59
Duplicate record Suriname 2004 55 - 59
Duplicate record Suriname 2004 55 - 59
Duplicate record Suriname 2004 60 - 64
Duplicate record Suriname 2004 60 - 64
Duplicate record Suriname 2004 60 - 64
Duplicate record Suriname 2004 60 - 64
Duplicate record Suriname 2004 65 - 69
Duplicate record Suriname 2004 65 - 69
Duplicate record Suriname 2004 65 - 69
Duplicate record Suriname 2004 65 - 69
Duplicate record Suriname 2004 70 - 74
Duplicate record Suriname 2004 70 - 74
Duplicate record Suriname 2004 70 - 74
Duplicate record Suriname 2004 70 - 74
Duplicate record Suriname 2004 75 - 79
Duplicate record Suriname 2004 75 - 79
Duplicate record Suriname 2004 75 - 79
Duplicate record Suriname 2004 75 - 79
Duplicate record Suriname 2004 80 - 84
Duplicate record Suriname 2004 80 - 84
Duplicate record Suriname 2004 80 - 84
Duplicate record Suriname 2004 80 - 84
Duplicate record Suriname 2004 85 +
Duplicate record Suriname 2004 85 +
Duplicate record Suriname 2004 85 +
Duplicate record Suriname 2004 85 +
Duplicate record Suriname 2004 Unknown
Duplicate record Suriname 2004 Unknown
Duplicate record Suriname 2004 Unknown
Duplicate record Suriname 2004 Unknown
]]></system-err>
  </testcase>
</testsuite>