<?xml version="1.0" encoding="UTF-8"?>
<testsuite xmlns:xsi="http://www.w3.org/2001/XMLSchema-instance" xsi:noNamespaceSchemaLocation="https://maven.apache.org/surefire/maven-surefire-plugin/xsd/surefire-test-report-3.0.xsd" version="3.0" name="org.unicode.cldr.util.TestPUAs" time="0.126" tests="155" errors="0" skipped="0" failures="0">
  <properties>
[...]
</properties>
  <testcase name="TestCollatorPUA(String, String, String) aa:standard" classname="org.unicode.cldr.util.TestPUAs" time="0.002"/>
  <testcase name="TestCollatorPUA(String, String, String) af:standard" classname="org.unicode.cldr.util.TestPUAs" time="0"/>
  <testcase name="TestCollatorPUA(String, String, String) am:standard" classname="org.unicode.cldr.util.TestPUAs" time="0.001"/>
  <testcase name="TestCollatorPUA(String, String, String) ar:standard" classname="org.unicode.cldr.util.TestPUAs" time="0.001"/>
  <testcase name="TestCollatorPUA(String, String, String) ar:compat" classname="org.unicode.cldr.util.TestPUAs" time="0"/>
  <testcase name="TestCollatorPUA(String, String, String) as:standard" classname="org.unicode.cldr.util.TestPUAs" time="0"/>
  <testcase name="TestCollatorPUA(String, String, String) az:standard" classname="org.unicode.cldr.util.TestPUAs" time="0.001"/>
  <testcase name="TestCollatorPUA(String, String, String) az:search" classname="org.unicode.cldr.util.TestPUAs" time="0"/>
  <testcase name="TestCollatorPUA(String, String, String) bal:standard" classname="org.unicode.cldr.util.TestPUAs" time="0"/>
  <testcase name="TestCollatorPUA(String, String, String) bal_Latn:standard" classname="org.unicode.cldr.util.TestPUAs" time="0"/>
  <testcase name="TestCollatorPUA(String, String, String) be:standard" classname="org.unicode.cldr.util.TestPUAs" time="0"/>
  <testcase name="TestCollatorPUA(String, String, String) bg:standard" classname="org.unicode.cldr.util.TestPUAs" time="0"/>
  <testcase name="TestCollatorPUA(String, String, String) bn:standard" classname="org.unicode.cldr.util.TestPUAs" time="0"/>
  <testcase name="TestCollatorPUA(String, String, String) bn:traditional" classname="org.unicode.cldr.util.TestPUAs" time="0"/>
  <testcase name="TestCollatorPUA(String, String, String) bo:standard" classname="org.unicode.cldr.util.TestPUAs" time="0"/>
  <testcase name="TestCollatorPUA(String, String, String) br:standard" classname="org.unicode.cldr.util.TestPUAs" time="0"/>
  <testcase name="TestCollatorPUA(String, String, String) bs:standard" classname="org.unicode.cldr.util.TestPUAs" time="0"/>
  <testcase name="TestCollatorPUA(String, String, String) bs:search" classname="org.unicode.cldr.util.TestPUAs" time="0.001"/>
  <testcase name="TestCollatorPUA(String, String, String) bs_Cyrl:standard" classname="org.unicode.cldr.util.TestPUAs" time="0"/>
  <testcase name="TestCollatorPUA(String, String, String) ca:search" classname="org.unicode.cldr.util.TestPUAs" time="0"/>
  <testcase name="TestCollatorPUA(String, String, String) ceb:standard" classname="org.unicode.cldr.util.TestPUAs" time="0"/>
  <testcase name="TestCollatorPUA(String, String, String) chr:standard" classname="org.unicode.cldr.util.TestPUAs" time="0"/>
  <testcase name="TestCollatorPUA(String, String, String) cs:standard" classname="org.unicode.cldr.util.TestPUAs" time="0"/>
  <testcase name="TestCollatorPUA(String, String, String) cs:digits-after" classname="org.unicode.cldr.util.TestPUAs" time="0"/>
  <testcase name="TestCollatorPUA(String, String, String) cu:standard" classname="org.unicode.cldr.util.TestPUAs" time="0.001"/>
  <testcase name="TestCollatorPUA(String, String, String) cy:standard" classname="org.unicode.cldr.util.TestPUAs" time="0"/>
  <testcase name="TestCollatorPUA(String, String, String) da:standard" classname="org.unicode.cldr.util.TestPUAs" time="0"/>
  <testcase name="TestCollatorPUA(String, String, String) da:search" classname="org.unicode.cldr.util.TestPUAs" time="0"/>
  <testcase name="TestCollatorPUA(String, String, String) de:search" classname="org.unicode.cldr.util.TestPUAs" time="0"/>
  <testcase name="TestCollatorPUA(String, String, String) de:eor" classname="org.unicode.cldr.util.TestPUAs" time="0"/>
  <testcase name="TestCollatorPUA(String, String, String) de:phonebook" classname="org.unicode.cldr.util.TestPUAs" time="0"/>
  <testcase name="TestCollatorPUA(String, String, String) de_AT:phonebook" classname="org.unicode.cldr.util.TestPUAs" time="0"/>
  <testcase name="TestCollatorPUA(String, String, String) dsb:standard" classname="org.unicode.cldr.util.TestPUAs" time="0.001"/>
  <testcase name="TestCollatorPUA(String, String, String) dz:standard" classname="org.unicode.cldr.util.TestPUAs" time="0.001"/>
  <testcase name="TestCollatorPUA(String, String, String) ee:standard" classname="org.unicode.cldr.util.TestPUAs" time="0"/>
  <testcase name="TestCollatorPUA(String, String, String) el:standard" classname="org.unicode.cldr.util.TestPUAs" time="0.001"/>
  <testcase name="TestCollatorPUA(String, String, String) en_US_POSIX:standard" classname="org.unicode.cldr.util.TestPUAs" time="0"/>
  <testcase name="TestCollatorPUA(String, String, String) eo:standard" classname="org.unicode.cldr.util.TestPUAs" time="0"/>
  <testcase name="TestCollatorPUA(String, String, String) es:standard" classname="org.unicode.cldr.util.TestPUAs" time="0"/>
  <testcase name="TestCollatorPUA(String, String, String) es:traditional" classname="org.unicode.cldr.util.TestPUAs" time="0"/>
  <testcase name="TestCollatorPUA(String, String, String) es:search" classname="org.unicode.cldr.util.TestPUAs" time="0.001"/>
  <testcase name="TestCollatorPUA(String, String, String) et:standard" classname="org.unicode.cldr.util.TestPUAs" time="0"/>
  <testcase name="TestCollatorPUA(String, String, String) fa:standard" classname="org.unicode.cldr.util.TestPUAs" time="0.001"/>
  <testcase name="TestCollatorPUA(String, String, String) fa_AF:standard" classname="org.unicode.cldr.util.TestPUAs" time="0"/>
  <testcase name="TestCollatorPUA(String, String, String) ff_Adlm:standard" classname="org.unicode.cldr.util.TestPUAs" time="0"/>
  <testcase name="TestCollatorPUA(String, String, String) fi:standard" classname="org.unicode.cldr.util.TestPUAs" time="0.001"/>
  <testcase name="TestCollatorPUA(String, String, String) fi:search" classname="org.unicode.cldr.util.TestPUAs" time="0"/>
  <testcase name="TestCollatorPUA(String, String, String) fi:traditional" classname="org.unicode.cldr.util.TestPUAs" time="0.001"/>
  <testcase name="TestCollatorPUA(String, String, String) fil:standard" classname="org.unicode.cldr.util.TestPUAs" time="0"/>
  <testcase name="TestCollatorPUA(String, String, String) fo:standard" classname="org.unicode.cldr.util.TestPUAs" time="0"/>
  <testcase name="TestCollatorPUA(String, String, String) fo:search" classname="org.unicode.cldr.util.TestPUAs" time="0"/>
  <testcase name="TestCollatorPUA(String, String, String) fr_CA:standard" classname="org.unicode.cldr.util.TestPUAs" time="0.001"/>
  <testcase name="TestCollatorPUA(String, String, String) fy:standard" classname="org.unicode.cldr.util.TestPUAs" time="0"/>
  <testcase name="TestCollatorPUA(String, String, String) gl:standard" classname="org.unicode.cldr.util.TestPUAs" time="0"/>
  <testcase name="TestCollatorPUA(String, String, String) gl:search" classname="org.unicode.cldr.util.TestPUAs" time="0.001"/>
  <testcase name="TestCollatorPUA(String, String, String) gu:standard" classname="org.unicode.cldr.util.TestPUAs" time="0.001"/>
  <testcase name="TestCollatorPUA(String, String, String) ha:standard" classname="org.unicode.cldr.util.TestPUAs" time="0"/>
  <testcase name="TestCollatorPUA(String, String, String) haw:standard" classname="org.unicode.cldr.util.TestPUAs" time="0"/>
  <testcase name="TestCollatorPUA(String, String, String) he:standard" classname="org.unicode.cldr.util.TestPUAs" time="0.001"/>
  <testcase name="TestCollatorPUA(String, String, String) hi:standard" classname="org.unicode.cldr.util.TestPUAs" time="0.001"/>
  <testcase name="TestCollatorPUA(String, String, String) hr:standard" classname="org.unicode.cldr.util.TestPUAs" time="0"/>
  <testcase name="TestCollatorPUA(String, String, String) hr:search" classname="org.unicode.cldr.util.TestPUAs" time="0"/>
  <testcase name="TestCollatorPUA(String, String, String) hsb:standard" classname="org.unicode.cldr.util.TestPUAs" time="0.001"/>
  <testcase name="TestCollatorPUA(String, String, String) hu:standard" classname="org.unicode.cldr.util.TestPUAs" time="0"/>
  <testcase name="TestCollatorPUA(String, String, String) hy:standard" classname="org.unicode.cldr.util.TestPUAs" time="0"/>
  <testcase name="TestCollatorPUA(String, String, String) ig:standard" classname="org.unicode.cldr.util.TestPUAs" time="0.001"/>
  <testcase name="TestCollatorPUA(String, String, String) is:standard" classname="org.unicode.cldr.util.TestPUAs" time="0"/>
  <testcase name="TestCollatorPUA(String, String, String) is:search" classname="org.unicode.cldr.util.TestPUAs" time="0"/>
  <testcase name="TestCollatorPUA(String, String, String) ja:unihan" classname="org.unicode.cldr.util.TestPUAs" time="0.001"/>
  <testcase name="TestCollatorPUA(String, String, String) ja:private-kana" classname="org.unicode.cldr.util.TestPUAs" time="0"/>
  <testcase name="TestCollatorPUA(String, String, String) ja:standard" classname="org.unicode.cldr.util.TestPUAs" time="0"/>
  <testcase name="TestCollatorPUA(String, String, String) ka:standard" classname="org.unicode.cldr.util.TestPUAs" time="0.001"/>
  <testcase name="TestCollatorPUA(String, String, String) kk:standard" classname="org.unicode.cldr.util.TestPUAs" time="0"/>
  <testcase name="TestCollatorPUA(String, String, String) kl:standard" classname="org.unicode.cldr.util.TestPUAs" time="0.001"/>
  <testcase name="TestCollatorPUA(String, String, String) kl:search" classname="org.unicode.cldr.util.TestPUAs" time="0"/>
  <testcase name="TestCollatorPUA(String, String, String) km:standard" classname="org.unicode.cldr.util.TestPUAs" time="0"/>
  <testcase name="TestCollatorPUA(String, String, String) kn:standard" classname="org.unicode.cldr.util.TestPUAs" time="0.001"/>
  <testcase name="TestCollatorPUA(String, String, String) kn:traditional" classname="org.unicode.cldr.util.TestPUAs" time="0"/>
  <testcase name="TestCollatorPUA(String, String, String) ko:standard" classname="org.unicode.cldr.util.TestPUAs" time="0.001"/>
  <testcase name="TestCollatorPUA(String, String, String) ko:searchjl" classname="org.unicode.cldr.util.TestPUAs" time="0"/>
  <testcase name="TestCollatorPUA(String, String, String) ko:unihan" classname="org.unicode.cldr.util.TestPUAs" time="0"/>
  <testcase name="TestCollatorPUA(String, String, String) ko:search" classname="org.unicode.cldr.util.TestPUAs" time="0"/>
  <testcase name="TestCollatorPUA(String, String, String) kok:standard" classname="org.unicode.cldr.util.TestPUAs" time="0.001"/>
  <testcase name="TestCollatorPUA(String, String, String) ku:standard" classname="org.unicode.cldr.util.TestPUAs" time="0"/>
  <testcase name="TestCollatorPUA(String, String, String) ky:standard" classname="org.unicode.cldr.util.TestPUAs" time="0"/>
  <testcase name="TestCollatorPUA(String, String, String) lkt:standard" classname="org.unicode.cldr.util.TestPUAs" time="0"/>
  <testcase name="TestCollatorPUA(String, String, String) ln:standard" classname="org.unicode.cldr.util.TestPUAs" time="0"/>
  <testcase name="TestCollatorPUA(String, String, String) ln:phonetic" classname="org.unicode.cldr.util.TestPUAs" time="0.001"/>
  <testcase name="TestCollatorPUA(String, String, String) lo:standard" classname="org.unicode.cldr.util.TestPUAs" time="0"/>
  <testcase name="TestCollatorPUA(String, String, String) lt:standard" classname="org.unicode.cldr.util.TestPUAs" time="0.001"/>
  <testcase name="TestCollatorPUA(String, String, String) lv:standard" classname="org.unicode.cldr.util.TestPUAs" time="0"/>
  <testcase name="TestCollatorPUA(String, String, String) mk:standard" classname="org.unicode.cldr.util.TestPUAs" time="0"/>
  <testcase name="TestCollatorPUA(String, String, String) ml:standard" classname="org.unicode.cldr.util.TestPUAs" time="0.001"/>
  <testcase name="TestCollatorPUA(String, String, String) mn:standard" classname="org.unicode.cldr.util.TestPUAs" time="0"/>
  <testcase name="TestCollatorPUA(String, String, String) mr:standard" classname="org.unicode.cldr.util.TestPUAs" time="0.001"/>
  <testcase name="TestCollatorPUA(String, String, String) mt:standard" classname="org.unicode.cldr.util.TestPUAs" time="0"/>
  <testcase name="TestCollatorPUA(String, String, String) my:standard" classname="org.unicode.cldr.util.TestPUAs" time="0.001"/>
  <testcase name="TestCollatorPUA(String, String, String) ne:standard" classname="org.unicode.cldr.util.TestPUAs" time="0.001"/>
  <testcase name="TestCollatorPUA(String, String, String) no:standard" classname="org.unicode.cldr.util.TestPUAs" time="0"/>
  <testcase name="TestCollatorPUA(String, String, String) no:search" classname="org.unicode.cldr.util.TestPUAs" time="0"/>
  <testcase name="TestCollatorPUA(String, String, String) nso:standard" classname="org.unicode.cldr.util.TestPUAs" time="0.001"/>
  <testcase name="TestCollatorPUA(String, String, String) om:standard" classname="org.unicode.cldr.util.TestPUAs" time="0"/>
  <testcase name="TestCollatorPUA(String, String, String) or:standard" classname="org.unicode.cldr.util.TestPUAs" time="0.001"/>
  <testcase name="TestCollatorPUA(String, String, String) pa:standard" classname="org.unicode.cldr.util.TestPUAs" time="0.001"/>
  <testcase name="TestCollatorPUA(String, String, String) pl:standard" classname="org.unicode.cldr.util.TestPUAs" time="0.001"/>
  <testcase name="TestCollatorPUA(String, String, String) ps:standard" classname="org.unicode.cldr.util.TestPUAs" time="0"/>
  <testcase name="TestCollatorPUA(String, String, String) ro:standard" classname="org.unicode.cldr.util.TestPUAs" time="0"/>
  <testcase name="TestCollatorPUA(String, String, String) root:private-unihan" classname="org.unicode.cldr.util.TestPUAs" time="0.001"/>
  <testcase name="TestCollatorPUA(String, String, String) root:eor" classname="org.unicode.cldr.util.TestPUAs" time="0"/>
  <testcase name="TestCollatorPUA(String, String, String) root:search" classname="org.unicode.cldr.util.TestPUAs" time="0"/>
  <testcase name="TestCollatorPUA(String, String, String) root:emoji" classname="org.unicode.cldr.util.TestPUAs" time="0"/>
  <testcase name="TestCollatorPUA(String, String, String) ru:standard" classname="org.unicode.cldr.util.TestPUAs" time="0"/>
  <testcase name="TestCollatorPUA(String, String, String) se:standard" classname="org.unicode.cldr.util.TestPUAs" time="0.001"/>
  <testcase name="TestCollatorPUA(String, String, String) se:search" classname="org.unicode.cldr.util.TestPUAs" time="0"/>
  <testcase name="TestCollatorPUA(String, String, String) si:standard" classname="org.unicode.cldr.util.TestPUAs" time="0.001"/>
  <testcase name="TestCollatorPUA(String, String, String) si:dictionary" classname="org.unicode.cldr.util.TestPUAs" time="0"/>
  <testcase name="TestCollatorPUA(String, String, String) sk:standard" classname="org.unicode.cldr.util.TestPUAs" time="0"/>
  <testcase name="TestCollatorPUA(String, String, String) sk:search" classname="org.unicode.cldr.util.TestPUAs" time="0"/>
  <testcase name="TestCollatorPUA(String, String, String) sl:standard" classname="org.unicode.cldr.util.TestPUAs" time="0"/>
  <testcase name="TestCollatorPUA(String, String, String) smn:standard" classname="org.unicode.cldr.util.TestPUAs" time="0.001"/>
  <testcase name="TestCollatorPUA(String, String, String) smn:search" classname="org.unicode.cldr.util.TestPUAs" time="0"/>
  <testcase name="TestCollatorPUA(String, String, String) sq:standard" classname="org.unicode.cldr.util.TestPUAs" time="0.001"/>
  <testcase name="TestCollatorPUA(String, String, String) sr:standard" classname="org.unicode.cldr.util.TestPUAs" time="0"/>
  <testcase name="TestCollatorPUA(String, String, String) sr_Latn:standard" classname="org.unicode.cldr.util.TestPUAs" time="0.001"/>
  <testcase name="TestCollatorPUA(String, String, String) sr_Latn:search" classname="org.unicode.cldr.util.TestPUAs" time="0"/>
  <testcase name="TestCollatorPUA(String, String, String) ssy:standard" classname="org.unicode.cldr.util.TestPUAs" time="0"/>
  <testcase name="TestCollatorPUA(String, String, String) sv:standard" classname="org.unicode.cldr.util.TestPUAs" time="0"/>
  <testcase name="TestCollatorPUA(String, String, String) sv:traditional" classname="org.unicode.cldr.util.TestPUAs" time="0.001"/>
  <testcase name="TestCollatorPUA(String, String, String) sv:search" classname="org.unicode.cldr.util.TestPUAs" time="0.001"/>
  <testcase name="TestCollatorPUA(String, String, String) ta:standard" classname="org.unicode.cldr.util.TestPUAs" time="0"/>
  <testcase name="TestCollatorPUA(String, String, String) te:standard" classname="org.unicode.cldr.util.TestPUAs" time="0.001"/>
  <testcase name="TestCollatorPUA(String, String, String) th:standard" classname="org.unicode.cldr.util.TestPUAs" time="0"/>
  <testcase name="TestCollatorPUA(String, String, String) tk:standard" classname="org.unicode.cldr.util.TestPUAs" time="0.001"/>
  <testcase name="TestCollatorPUA(String, String, String) tn:standard" classname="org.unicode.cldr.util.TestPUAs" time="0"/>
  <testcase name="TestCollatorPUA(String, String, String) to:standard" classname="org.unicode.cldr.util.TestPUAs" time="0"/>
  <testcase name="TestCollatorPUA(String, String, String) tr:standard" classname="org.unicode.cldr.util.TestPUAs" time="0"/>
  <testcase name="TestCollatorPUA(String, String, String) tr:search" classname="org.unicode.cldr.util.TestPUAs" time="0.001"/>
  <testcase name="TestCollatorPUA(String, String, String) ug:standard" classname="org.unicode.cldr.util.TestPUAs" time="0.001"/>
  <testcase name="TestCollatorPUA(String, String, String) uk:standard" classname="org.unicode.cldr.util.TestPUAs" time="0.001"/>
  <testcase name="TestCollatorPUA(String, String, String) ur:standard" classname="org.unicode.cldr.util.TestPUAs" time="0"/>
  <testcase name="TestCollatorPUA(String, String, String) uz:standard" classname="org.unicode.cldr.util.TestPUAs" time="0.001"/>
  <testcase name="TestCollatorPUA(String, String, String) vi:standard" classname="org.unicode.cldr.util.TestPUAs" time="0"/>
  <testcase name="TestCollatorPUA(String, String, String) vi:traditional" classname="org.unicode.cldr.util.TestPUAs" time="0"/>
  <testcase name="TestCollatorPUA(String, String, String) vo:standard" classname="org.unicode.cldr.util.TestPUAs" time="0.001"/>
  <testcase name="TestCollatorPUA(String, String, String) wae:standard" classname="org.unicode.cldr.util.TestPUAs" time="0"/>
  <testcase name="TestCollatorPUA(String, String, String) wo:standard" classname="org.unicode.cldr.util.TestPUAs" time="0.001"/>
  <testcase name="TestCollatorPUA(String, String, String) yi:standard" classname="org.unicode.cldr.util.TestPUAs" time="0"/>
  <testcase name="TestCollatorPUA(String, String, String) yo:standard" classname="org.unicode.cldr.util.TestPUAs" time="0"/>
  <testcase name="TestCollatorPUA(String, String, String) zh:big5han" classname="org.unicode.cldr.util.TestPUAs" time="0.001"/>
  <testcase name="TestCollatorPUA(String, String, String) zh:unihan" classname="org.unicode.cldr.util.TestPUAs" time="0"/>
  <testcase name="TestCollatorPUA(String, String, String) zh:gb2312han" classname="org.unicode.cldr.util.TestPUAs" time="0"/>
  <testcase name="TestCollatorPUA(String, String, String) zh:stroke" classname="org.unicode.cldr.util.TestPUAs" time="0.002"/>
  <testcase name="TestCollatorPUA(String, String, String) zh:pinyin" classname="org.unicode.cldr.util.TestPUAs" time="0.001"/>
  <testcase name="TestCollatorPUA(String, String, String) zh:private-pinyin" classname="org.unicode.cldr.util.TestPUAs" time="0"/>
  <testcase name="TestCollatorPUA(String, String, String) zh:zhuyin" classname="org.unicode.cldr.util.TestPUAs" time="0.001"/>
</testsuite>