<?xml version="1.0" encoding="UTF-8"?>
<testsuite xmlns:xsi="http://www.w3.org/2001/XMLSchema-instance" xsi:noNamespaceSchemaLocation="https://maven.apache.org/surefire/maven-surefire-plugin/xsd/surefire-test-report-3.0.xsd" version="3.0" name="org.unicode.cldr.unittest.TestShim" time="36.462" tests="2" errors="0" skipped="0" failures="0">
  <properties>
[...]
</properties>
  <testcase name="TestAll" classname="org.unicode.cldr.unittest.TestShim" time="36.396">
    <system-out><![CDATA[CLDR {
  LikelySubtagsTest {
    TestCompleteness (1.582s) Passed
    TestForMissingScriptMetadata (0.057s) ALERT (1 warning(s))
    TestMissingInfoForLanguage (0.154s) Passed
    TestMissingInfoForRegion (0.071s) Passed
    TestMissingInfoForScript (0.012s) ALERT (7 warning(s))
    TestStability (0.074s) Passed
    testGetResolvedScriptVsExemplars (28.666s) ALERT (63 warning(s))
    testSuperfluous (0.360s) Passed
    testToAttributeValidityStatus (0.118s) ALERT (1 warning(s))
    testUndAllScriptsAndRegions		
 (0.008s) Passed
  } (31.116s) ALERT (72 warning(s))
} (36.032s) ALERT (76 warning(s), 488 test(s) skipped)

Test cases taking excessive time (>10s):
CLDR/LikelySubtagsTest/testGetResolvedScriptVsExemplars (28.664s)


 2 Known Issues:
CLDR-15663 <https://unicode-org.atlassian.net/browse/CLDR-15663>
  - CLDR/LikelySubtagsTest/TestMissingInfoForLanguage (English translation should not be required for sub-basic language name)
CLDR-17084 <https://unicode-org.atlassian.net/browse/CLDR-17084>
  - CLDR/LikelySubtagsTest/testSuperfluous (Remove superfluous lines in likelySubtags.txt)

<< ALL TESTS PASSED >>
Tests took 36 seconds 243 milliseconds
]]></system-out>
    <system-err><![CDATA[org.unicode.cldr.unittest.testArgs=-n -q -filter:LikelySubtagsTest
]]></system-err>
  </testcase>
  <testcase name="TestTestShimUtilTest" classname="org.unicode.cldr.unittest.TestShim" time="0.009">
    <system-err><![CDATA[java.lang.testArgs=-a -b -c
]]></system-err>
  </testcase>
</testsuite>