<?xml version="1.0" encoding="UTF-8"?>
<testsuite xmlns:xsi="http://www.w3.org/2001/XMLSchema-instance" xsi:noNamespaceSchemaLocation="https://maven.apache.org/surefire/maven-surefire-plugin/xsd/surefire-test-report-3.0.xsd" version="3.0" name="org.unicode.cldr.tool.TestKeyboardFlatten" time="0.268" tests="5" errors="0" skipped="0" failures="0">
  <properties>
[...]
</properties>
  <testcase name="TestBrokenImports(String)[1] KeyboardFlatten/broken-import-wrongparent.xml" classname="org.unicode.cldr.tool.TestKeyboardFlatten" time="0.142">
    <system-err><![CDATA[KeyboardFlatten/broken-import-wrongparent.xml:2:11: ERROR: Element null is not valid because Document is invalid: no grammar found.
KeyboardFlatten/broken-import-wrongparent.xml:2:11: ERROR: Element null is not valid because Document root element "keyboard3", must match DOCTYPE root "null".
KeyboardFlatten/broken-import-wrongparent.xml:2:94: ERROR: Element null is not valid because cvc-elt.1.a: Cannot find the declaration of element 'keyboard3'.
Doc parse OK
Import: cldr:45/keys-Zyyy-punctuation.xml
Importing: C:\Users\emily_roth\Documents\GitHub\cldr\tools\cldr-code\..\..\keyboards\import\keys-Zyyy-punctuation.xml
Doc parse OK
Parsed import OK
]]></system-err>
  </testcase>
  <testcase name="TestBrokenImports(String)[2] KeyboardFlatten/broken-import-unknownbase.xml" classname="org.unicode.cldr.tool.TestKeyboardFlatten" time="0.015">
    <system-err><![CDATA[KeyboardFlatten/broken-import-unknownbase.xml:2:11: ERROR: Element null is not valid because Document is invalid: no grammar found.
KeyboardFlatten/broken-import-unknownbase.xml:2:11: ERROR: Element null is not valid because Document root element "keyboard3", must match DOCTYPE root "null".
KeyboardFlatten/broken-import-unknownbase.xml:2:94: ERROR: Element null is not valid because cvc-elt.1.a: Cannot find the declaration of element 'keyboard3'.
Doc parse OK
Import: UNKNOWN:45/keys-Zyyy-punctuation.xml
]]></system-err>
  </testcase>
  <testcase name="TestBrokenImports(String)[3] KeyboardFlatten/broken-import-unknownver.xml" classname="org.unicode.cldr.tool.TestKeyboardFlatten" time="0.012">
    <system-err><![CDATA[KeyboardFlatten/broken-import-unknownver.xml:2:11: ERROR: Element null is not valid because Document is invalid: no grammar found.
KeyboardFlatten/broken-import-unknownver.xml:2:11: ERROR: Element null is not valid because Document root element "keyboard3", must match DOCTYPE root "null".
KeyboardFlatten/broken-import-unknownver.xml:2:94: ERROR: Element null is not valid because cvc-elt.1.a: Cannot find the declaration of element 'keyboard3'.
Doc parse OK
Import: cldr:1.1.1/keys-Zyyy-punctuation.xml
]]></system-err>
  </testcase>
  <testcase name="TestBrokenImports(String)[4] KeyboardFlatten/broken-import-missing.xml" classname="org.unicode.cldr.tool.TestKeyboardFlatten" time="0.009">
    <system-err><![CDATA[KeyboardFlatten/broken-import-missing.xml:2:11: ERROR: Element null is not valid because Document is invalid: no grammar found.
KeyboardFlatten/broken-import-missing.xml:2:11: ERROR: Element null is not valid because Document root element "keyboard3", must match DOCTYPE root "null".
KeyboardFlatten/broken-import-missing.xml:2:94: ERROR: Element null is not valid because cvc-elt.1.a: Cannot find the declaration of element 'keyboard3'.
Doc parse OK
Import: cldr:45/keys-Zyyy-DOESNOTEXIST.xml
]]></system-err>
  </testcase>
  <testcase name="TestImportMaltese" classname="org.unicode.cldr.tool.TestKeyboardFlatten" time="0.088">
    <system-err><![CDATA[C:\Users\emily_roth\Documents\GitHub\cldr\keyboards\3.0\mt.xml:7:11: ERROR: Element null is not valid because Document is invalid: no grammar found.
C:\Users\emily_roth\Documents\GitHub\cldr\keyboards\3.0\mt.xml:7:11: ERROR: Element null is not valid because Document root element "keyboard3", must match DOCTYPE root "null".
C:\Users\emily_roth\Documents\GitHub\cldr\keyboards\3.0\mt.xml:7:94: ERROR: Element null is not valid because cvc-elt.1.a: Cannot find the declaration of element 'keyboard3'.
Doc parse OK
Import: cldr:45/keys-Zyyy-punctuation.xml
Importing: C:\Users\emily_roth\Documents\GitHub\cldr\tools\cldr-code\..\..\keyboards\import\keys-Zyyy-punctuation.xml
Doc parse OK
Parsed import OK
Importing into keys
Moved 73 children
Import: cldr:45/keys-Zyyy-currency.xml
Importing: C:\Users\emily_roth\Documents\GitHub\cldr\tools\cldr-code\..\..\keyboards\import\keys-Zyyy-currency.xml
Doc parse OK
Parsed import OK
Importing into keys
Moved 13 children
]]></system-err>
  </testcase>
</testsuite>