<?xml version="1.0" encoding="UTF-8"?>
<testsuite xmlns:xsi="http://www.w3.org/2001/XMLSchema-instance" xsi:noNamespaceSchemaLocation="https://maven.apache.org/surefire/maven-surefire-plugin/xsd/surefire-test-report-3.0.xsd" version="3.0" name="org.unicode.cldr.util.TestLevel" time="0.093" tests="165" errors="0" skipped="0" failures="0">
  <properties>
[...]
</properties>
  <testcase name="testMax(String, String, String) 1: max UNDETERMINED,UNDETERMINED" classname="org.unicode.cldr.util.TestLevel" time="0.001"/>
  <testcase name="testMax(String, String, String) 2: max BASIC,MODERN" classname="org.unicode.cldr.util.TestLevel" time="0"/>
  <testcase name="testMax(String, String, String) 3: max BASIC,COMPREHENSIVE" classname="org.unicode.cldr.util.TestLevel" time="0"/>
  <testcase name="testMax(String, String, String) 4: max MODERN,MODERN" classname="org.unicode.cldr.util.TestLevel" time="0"/>
  <testcase name="testMax(String, String, String) 5: max MODERN,COMPREHENSIVE" classname="org.unicode.cldr.util.TestLevel" time="0.001"/>
  <testcase name="testMax(String, String, String) 6: max COMPREHENSIVE,MODERN" classname="org.unicode.cldr.util.TestLevel" time="0.001"/>
  <testcase name="testMin(String, String, String) 1: min UNDETERMINED,UNDETERMINED" classname="org.unicode.cldr.util.TestLevel" time="0.003"/>
  <testcase name="testMin(String, String, String) 2: min BASIC,MODERN" classname="org.unicode.cldr.util.TestLevel" time="0.001"/>
  <testcase name="testMin(String, String, String) 3: min BASIC,COMPREHENSIVE" classname="org.unicode.cldr.util.TestLevel" time="0.001"/>
  <testcase name="testMin(String, String, String) 4: min MODERN,MODERN" classname="org.unicode.cldr.util.TestLevel" time="0"/>
  <testcase name="testMin(String, String, String) 5: min MODERN,COMPREHENSIVE" classname="org.unicode.cldr.util.TestLevel" time="0.001"/>
  <testcase name="testMin(String, String, String) 6: min COMPREHENSIVE,MODERN" classname="org.unicode.cldr.util.TestLevel" time="0"/>
  <testcase name="testModernCurrencies(String)[1] AED" classname="org.unicode.cldr.util.TestLevel" time="0.001"/>
  <testcase name="testModernCurrencies(String)[2] AFN" classname="org.unicode.cldr.util.TestLevel" time="0"/>
  <testcase name="testModernCurrencies(String)[3] ALL" classname="org.unicode.cldr.util.TestLevel" time="0.001"/>
  <testcase name="testModernCurrencies(String)[4] AMD" classname="org.unicode.cldr.util.TestLevel" time="0"/>
  <testcase name="testModernCurrencies(String)[5] ANG" classname="org.unicode.cldr.util.TestLevel" time="0"/>
  <testcase name="testModernCurrencies(String)[6] AOA" classname="org.unicode.cldr.util.TestLevel" time="0.001"/>
  <testcase name="testModernCurrencies(String)[7] ARS" classname="org.unicode.cldr.util.TestLevel" time="0"/>
  <testcase name="testModernCurrencies(String)[8] AUD" classname="org.unicode.cldr.util.TestLevel" time="0.001"/>
  <testcase name="testModernCurrencies(String)[9] AWG" classname="org.unicode.cldr.util.TestLevel" time="0"/>
  <testcase name="testModernCurrencies(String)[10] AZN" classname="org.unicode.cldr.util.TestLevel" time="0"/>
  <testcase name="testModernCurrencies(String)[11] BAM" classname="org.unicode.cldr.util.TestLevel" time="0"/>
  <testcase name="testModernCurrencies(String)[12] BBD" classname="org.unicode.cldr.util.TestLevel" time="0"/>
  <testcase name="testModernCurrencies(String)[13] BDT" classname="org.unicode.cldr.util.TestLevel" time="0.001"/>
  <testcase name="testModernCurrencies(String)[14] BGN" classname="org.unicode.cldr.util.TestLevel" time="0"/>
  <testcase name="testModernCurrencies(String)[15] BHD" classname="org.unicode.cldr.util.TestLevel" time="0"/>
  <testcase name="testModernCurrencies(String)[16] BIF" classname="org.unicode.cldr.util.TestLevel" time="0"/>
  <testcase name="testModernCurrencies(String)[17] BMD" classname="org.unicode.cldr.util.TestLevel" time="0"/>
  <testcase name="testModernCurrencies(String)[18] BND" classname="org.unicode.cldr.util.TestLevel" time="0"/>
  <testcase name="testModernCurrencies(String)[19] BOB" classname="org.unicode.cldr.util.TestLevel" time="0.001"/>
  <testcase name="testModernCurrencies(String)[20] BRL" classname="org.unicode.cldr.util.TestLevel" time="0"/>
  <testcase name="testModernCurrencies(String)[21] BSD" classname="org.unicode.cldr.util.TestLevel" time="0"/>
  <testcase name="testModernCurrencies(String)[22] BTN" classname="org.unicode.cldr.util.TestLevel" time="0"/>
  <testcase name="testModernCurrencies(String)[23] BWP" classname="org.unicode.cldr.util.TestLevel" time="0"/>
  <testcase name="testModernCurrencies(String)[24] BYN" classname="org.unicode.cldr.util.TestLevel" time="0.001"/>
  <testcase name="testModernCurrencies(String)[25] BZD" classname="org.unicode.cldr.util.TestLevel" time="0"/>
  <testcase name="testModernCurrencies(String)[26] CAD" classname="org.unicode.cldr.util.TestLevel" time="0"/>
  <testcase name="testModernCurrencies(String)[27] CDF" classname="org.unicode.cldr.util.TestLevel" time="0"/>
  <testcase name="testModernCurrencies(String)[28] CHF" classname="org.unicode.cldr.util.TestLevel" time="0"/>
  <testcase name="testModernCurrencies(String)[29] CLP" classname="org.unicode.cldr.util.TestLevel" time="0"/>
  <testcase name="testModernCurrencies(String)[30] CNY" classname="org.unicode.cldr.util.TestLevel" time="0"/>
  <testcase name="testModernCurrencies(String)[31] COP" classname="org.unicode.cldr.util.TestLevel" time="0"/>
  <testcase name="testModernCurrencies(String)[32] CRC" classname="org.unicode.cldr.util.TestLevel" time="0"/>
  <testcase name="testModernCurrencies(String)[33] CUP" classname="org.unicode.cldr.util.TestLevel" time="0"/>
  <testcase name="testModernCurrencies(String)[34] CVE" classname="org.unicode.cldr.util.TestLevel" time="0"/>
  <testcase name="testModernCurrencies(String)[35] CZK" classname="org.unicode.cldr.util.TestLevel" time="0"/>
  <testcase name="testModernCurrencies(String)[36] DJF" classname="org.unicode.cldr.util.TestLevel" time="0"/>
  <testcase name="testModernCurrencies(String)[37] DKK" classname="org.unicode.cldr.util.TestLevel" time="0.001"/>
  <testcase name="testModernCurrencies(String)[38] DOP" classname="org.unicode.cldr.util.TestLevel" time="0"/>
  <testcase name="testModernCurrencies(String)[39] DZD" classname="org.unicode.cldr.util.TestLevel" time="0"/>
  <testcase name="testModernCurrencies(String)[40] EGP" classname="org.unicode.cldr.util.TestLevel" time="0"/>
  <testcase name="testModernCurrencies(String)[41] ERN" classname="org.unicode.cldr.util.TestLevel" time="0"/>
  <testcase name="testModernCurrencies(String)[42] ETB" classname="org.unicode.cldr.util.TestLevel" time="0"/>
  <testcase name="testModernCurrencies(String)[43] EUR" classname="org.unicode.cldr.util.TestLevel" time="0"/>
  <testcase name="testModernCurrencies(String)[44] FJD" classname="org.unicode.cldr.util.TestLevel" time="0"/>
  <testcase name="testModernCurrencies(String)[45] FKP" classname="org.unicode.cldr.util.TestLevel" time="0"/>
  <testcase name="testModernCurrencies(String)[46] GBP" classname="org.unicode.cldr.util.TestLevel" time="0"/>
  <testcase name="testModernCurrencies(String)[47] GEL" classname="org.unicode.cldr.util.TestLevel" time="0.001"/>
  <testcase name="testModernCurrencies(String)[48] GHS" classname="org.unicode.cldr.util.TestLevel" time="0"/>
  <testcase name="testModernCurrencies(String)[49] GIP" classname="org.unicode.cldr.util.TestLevel" time="0"/>
  <testcase name="testModernCurrencies(String)[50] GMD" classname="org.unicode.cldr.util.TestLevel" time="0"/>
  <testcase name="testModernCurrencies(String)[51] GNF" classname="org.unicode.cldr.util.TestLevel" time="0"/>
  <testcase name="testModernCurrencies(String)[52] GTQ" classname="org.unicode.cldr.util.TestLevel" time="0"/>
  <testcase name="testModernCurrencies(String)[53] GYD" classname="org.unicode.cldr.util.TestLevel" time="0"/>
  <testcase name="testModernCurrencies(String)[54] HKD" classname="org.unicode.cldr.util.TestLevel" time="0"/>
  <testcase name="testModernCurrencies(String)[55] HNL" classname="org.unicode.cldr.util.TestLevel" time="0"/>
  <testcase name="testModernCurrencies(String)[56] HTG" classname="org.unicode.cldr.util.TestLevel" time="0.001"/>
  <testcase name="testModernCurrencies(String)[57] HUF" classname="org.unicode.cldr.util.TestLevel" time="0"/>
  <testcase name="testModernCurrencies(String)[58] IDR" classname="org.unicode.cldr.util.TestLevel" time="0"/>
  <testcase name="testModernCurrencies(String)[59] ILS" classname="org.unicode.cldr.util.TestLevel" time="0"/>
  <testcase name="testModernCurrencies(String)[60] INR" classname="org.unicode.cldr.util.TestLevel" time="0"/>
  <testcase name="testModernCurrencies(String)[61] IQD" classname="org.unicode.cldr.util.TestLevel" time="0"/>
  <testcase name="testModernCurrencies(String)[62] IRR" classname="org.unicode.cldr.util.TestLevel" time="0"/>
  <testcase name="testModernCurrencies(String)[63] ISK" classname="org.unicode.cldr.util.TestLevel" time="0"/>
  <testcase name="testModernCurrencies(String)[64] JMD" classname="org.unicode.cldr.util.TestLevel" time="0"/>
  <testcase name="testModernCurrencies(String)[65] JOD" classname="org.unicode.cldr.util.TestLevel" time="0"/>
  <testcase name="testModernCurrencies(String)[66] JPY" classname="org.unicode.cldr.util.TestLevel" time="0"/>
  <testcase name="testModernCurrencies(String)[67] KES" classname="org.unicode.cldr.util.TestLevel" time="0"/>
  <testcase name="testModernCurrencies(String)[68] KGS" classname="org.unicode.cldr.util.TestLevel" time="0.001"/>
  <testcase name="testModernCurrencies(String)[69] KHR" classname="org.unicode.cldr.util.TestLevel" time="0"/>
  <testcase name="testModernCurrencies(String)[70] KMF" classname="org.unicode.cldr.util.TestLevel" time="0.001"/>
  <testcase name="testModernCurrencies(String)[71] KPW" classname="org.unicode.cldr.util.TestLevel" time="0"/>
  <testcase name="testModernCurrencies(String)[72] KRW" classname="org.unicode.cldr.util.TestLevel" time="0.001"/>
  <testcase name="testModernCurrencies(String)[73] KWD" classname="org.unicode.cldr.util.TestLevel" time="0"/>
  <testcase name="testModernCurrencies(String)[74] KYD" classname="org.unicode.cldr.util.TestLevel" time="0"/>
  <testcase name="testModernCurrencies(String)[75] KZT" classname="org.unicode.cldr.util.TestLevel" time="0"/>
  <testcase name="testModernCurrencies(String)[76] LAK" classname="org.unicode.cldr.util.TestLevel" time="0"/>
  <testcase name="testModernCurrencies(String)[77] LBP" classname="org.unicode.cldr.util.TestLevel" time="0"/>
  <testcase name="testModernCurrencies(String)[78] LKR" classname="org.unicode.cldr.util.TestLevel" time="0"/>
  <testcase name="testModernCurrencies(String)[79] LRD" classname="org.unicode.cldr.util.TestLevel" time="0"/>
  <testcase name="testModernCurrencies(String)[80] LSL" classname="org.unicode.cldr.util.TestLevel" time="0"/>
  <testcase name="testModernCurrencies(String)[81] LYD" classname="org.unicode.cldr.util.TestLevel" time="0"/>
  <testcase name="testModernCurrencies(String)[82] MAD" classname="org.unicode.cldr.util.TestLevel" time="0"/>
  <testcase name="testModernCurrencies(String)[83] MDL" classname="org.unicode.cldr.util.TestLevel" time="0.001"/>
  <testcase name="testModernCurrencies(String)[84] MGA" classname="org.unicode.cldr.util.TestLevel" time="0"/>
  <testcase name="testModernCurrencies(String)[85] MKD" classname="org.unicode.cldr.util.TestLevel" time="0.001"/>
  <testcase name="testModernCurrencies(String)[86] MMK" classname="org.unicode.cldr.util.TestLevel" time="0"/>
  <testcase name="testModernCurrencies(String)[87] MNT" classname="org.unicode.cldr.util.TestLevel" time="0.001"/>
  <testcase name="testModernCurrencies(String)[88] MOP" classname="org.unicode.cldr.util.TestLevel" time="0"/>
  <testcase name="testModernCurrencies(String)[89] MRU" classname="org.unicode.cldr.util.TestLevel" time="0"/>
  <testcase name="testModernCurrencies(String)[90] MUR" classname="org.unicode.cldr.util.TestLevel" time="0.001"/>
  <testcase name="testModernCurrencies(String)[91] MVR" classname="org.unicode.cldr.util.TestLevel" time="0"/>
  <testcase name="testModernCurrencies(String)[92] MWK" classname="org.unicode.cldr.util.TestLevel" time="0.001"/>
  <testcase name="testModernCurrencies(String)[93] MXN" classname="org.unicode.cldr.util.TestLevel" time="0"/>
  <testcase name="testModernCurrencies(String)[94] MYR" classname="org.unicode.cldr.util.TestLevel" time="0"/>
  <testcase name="testModernCurrencies(String)[95] MZN" classname="org.unicode.cldr.util.TestLevel" time="0"/>
  <testcase name="testModernCurrencies(String)[96] NAD" classname="org.unicode.cldr.util.TestLevel" time="0"/>
  <testcase name="testModernCurrencies(String)[97] NGN" classname="org.unicode.cldr.util.TestLevel" time="0.001"/>
  <testcase name="testModernCurrencies(String)[98] NIO" classname="org.unicode.cldr.util.TestLevel" time="0"/>
  <testcase name="testModernCurrencies(String)[99] NOK" classname="org.unicode.cldr.util.TestLevel" time="0"/>
  <testcase name="testModernCurrencies(String)[100] NPR" classname="org.unicode.cldr.util.TestLevel" time="0"/>
  <testcase name="testModernCurrencies(String)[101] NZD" classname="org.unicode.cldr.util.TestLevel" time="0.001"/>
  <testcase name="testModernCurrencies(String)[102] OMR" classname="org.unicode.cldr.util.TestLevel" time="0"/>
  <testcase name="testModernCurrencies(String)[103] PAB" classname="org.unicode.cldr.util.TestLevel" time="0"/>
  <testcase name="testModernCurrencies(String)[104] PEN" classname="org.unicode.cldr.util.TestLevel" time="0"/>
  <testcase name="testModernCurrencies(String)[105] PGK" classname="org.unicode.cldr.util.TestLevel" time="0"/>
  <testcase name="testModernCurrencies(String)[106] PHP" classname="org.unicode.cldr.util.TestLevel" time="0"/>
  <testcase name="testModernCurrencies(String)[107] PKR" classname="org.unicode.cldr.util.TestLevel" time="0"/>
  <testcase name="testModernCurrencies(String)[108] PLN" classname="org.unicode.cldr.util.TestLevel" time="0"/>
  <testcase name="testModernCurrencies(String)[109] PYG" classname="org.unicode.cldr.util.TestLevel" time="0"/>
  <testcase name="testModernCurrencies(String)[110] QAR" classname="org.unicode.cldr.util.TestLevel" time="0"/>
  <testcase name="testModernCurrencies(String)[111] RON" classname="org.unicode.cldr.util.TestLevel" time="0"/>
  <testcase name="testModernCurrencies(String)[112] RSD" classname="org.unicode.cldr.util.TestLevel" time="0.001"/>
  <testcase name="testModernCurrencies(String)[113] RUB" classname="org.unicode.cldr.util.TestLevel" time="0"/>
  <testcase name="testModernCurrencies(String)[114] RWF" classname="org.unicode.cldr.util.TestLevel" time="0"/>
  <testcase name="testModernCurrencies(String)[115] SAR" classname="org.unicode.cldr.util.TestLevel" time="0"/>
  <testcase name="testModernCurrencies(String)[116] SBD" classname="org.unicode.cldr.util.TestLevel" time="0"/>
  <testcase name="testModernCurrencies(String)[117] SCR" classname="org.unicode.cldr.util.TestLevel" time="0"/>
  <testcase name="testModernCurrencies(String)[118] SDG" classname="org.unicode.cldr.util.TestLevel" time="0"/>
  <testcase name="testModernCurrencies(String)[119] SEK" classname="org.unicode.cldr.util.TestLevel" time="0"/>
  <testcase name="testModernCurrencies(String)[120] SGD" classname="org.unicode.cldr.util.TestLevel" time="0"/>
  <testcase name="testModernCurrencies(String)[121] SHP" classname="org.unicode.cldr.util.TestLevel" time="0"/>
  <testcase name="testModernCurrencies(String)[122] SLE" classname="org.unicode.cldr.util.TestLevel" time="0"/>
  <testcase name="testModernCurrencies(String)[123] SOS" classname="org.unicode.cldr.util.TestLevel" time="0"/>
  <testcase name="testModernCurrencies(String)[124] SRD" classname="org.unicode.cldr.util.TestLevel" time="0.001"/>
  <testcase name="testModernCurrencies(String)[125] SSP" classname="org.unicode.cldr.util.TestLevel" time="0"/>
  <testcase name="testModernCurrencies(String)[126] STN" classname="org.unicode.cldr.util.TestLevel" time="0"/>
  <testcase name="testModernCurrencies(String)[127] SYP" classname="org.unicode.cldr.util.TestLevel" time="0.001"/>
  <testcase name="testModernCurrencies(String)[128] SZL" classname="org.unicode.cldr.util.TestLevel" time="0.001"/>
  <testcase name="testModernCurrencies(String)[129] THB" classname="org.unicode.cldr.util.TestLevel" time="0"/>
  <testcase name="testModernCurrencies(String)[130] TJS" classname="org.unicode.cldr.util.TestLevel" time="0"/>
  <testcase name="testModernCurrencies(String)[131] TMT" classname="org.unicode.cldr.util.TestLevel" time="0.001"/>
  <testcase name="testModernCurrencies(String)[132] TND" classname="org.unicode.cldr.util.TestLevel" time="0"/>
  <testcase name="testModernCurrencies(String)[133] TOP" classname="org.unicode.cldr.util.TestLevel" time="0.001"/>
  <testcase name="testModernCurrencies(String)[134] TRY" classname="org.unicode.cldr.util.TestLevel" time="0"/>
  <testcase name="testModernCurrencies(String)[135] TTD" classname="org.unicode.cldr.util.TestLevel" time="0.001"/>
  <testcase name="testModernCurrencies(String)[136] TWD" classname="org.unicode.cldr.util.TestLevel" time="0"/>
  <testcase name="testModernCurrencies(String)[137] TZS" classname="org.unicode.cldr.util.TestLevel" time="0.001"/>
  <testcase name="testModernCurrencies(String)[138] UAH" classname="org.unicode.cldr.util.TestLevel" time="0"/>
  <testcase name="testModernCurrencies(String)[139] UGX" classname="org.unicode.cldr.util.TestLevel" time="0"/>
  <testcase name="testModernCurrencies(String)[140] USD" classname="org.unicode.cldr.util.TestLevel" time="0.001"/>
  <testcase name="testModernCurrencies(String)[141] UYU" classname="org.unicode.cldr.util.TestLevel" time="0"/>
  <testcase name="testModernCurrencies(String)[142] UZS" classname="org.unicode.cldr.util.TestLevel" time="0"/>
  <testcase name="testModernCurrencies(String)[143] VES" classname="org.unicode.cldr.util.TestLevel" time="0"/>
  <testcase name="testModernCurrencies(String)[144] VND" classname="org.unicode.cldr.util.TestLevel" time="0.001"/>
  <testcase name="testModernCurrencies(String)[145] VUV" classname="org.unicode.cldr.util.TestLevel" time="0"/>
  <testcase name="testModernCurrencies(String)[146] WST" classname="org.unicode.cldr.util.TestLevel" time="0"/>
  <testcase name="testModernCurrencies(String)[147] XAF" classname="org.unicode.cldr.util.TestLevel" time="0"/>
  <testcase name="testModernCurrencies(String)[148] XCD" classname="org.unicode.cldr.util.TestLevel" time="0"/>
  <testcase name="testModernCurrencies(String)[149] XOF" classname="org.unicode.cldr.util.TestLevel" time="0"/>
  <testcase name="testModernCurrencies(String)[150] XPF" classname="org.unicode.cldr.util.TestLevel" time="0"/>
  <testcase name="testModernCurrencies(String)[151] YER" classname="org.unicode.cldr.util.TestLevel" time="0"/>
  <testcase name="testModernCurrencies(String)[152] ZAR" classname="org.unicode.cldr.util.TestLevel" time="0"/>
  <testcase name="testModernCurrencies(String)[153] ZMW" classname="org.unicode.cldr.util.TestLevel" time="0.001"/>
</testsuite>